Performing C SOURCE FILE Test CMAKE_HAVE_LIBC_PTHREAD failed with the following output:
Change Dir: /home/victor/PycharmProjects/ECE-395-SeniorProj/CMakeFiles/CMakeTmp

Run Build Command(s):/usr/bin/make -f Makefile cmTC_7f436/fast && /usr/bin/make  -f CMakeFiles/cmTC_7f436.dir/build.make CMakeFiles/cmTC_7f436.dir/build
make[1]: Entering directory '/home/victor/PycharmProjects/ECE-395-SeniorProj/CMakeFiles/CMakeTmp'
Building C object CMakeFiles/cmTC_7f436.dir/src.c.o
/usr/bin/cc -DCMAKE_HAVE_LIBC_PTHREAD  -fPIC  -o CMakeFiles/cmTC_7f436.dir/src.c.o -c /home/victor/PycharmProjects/ECE-395-SeniorProj/CMakeFiles/CMakeTmp/src.c
Linking C executable cmTC_7f436
/usr/bin/cmake -E cmake_link_script CMakeFiles/cmTC_7f436.dir/link.txt --verbose=1
/usr/bin/cc -fPIC  -rdynamic CMakeFiles/cmTC_7f436.dir/src.c.o -o cmTC_7f436 
/usr/bin/ld: CMakeFiles/cmTC_7f436.dir/src.c.o: in function `main':
src.c:(.text+0x3e): undefined reference to `pthread_create'
/usr/bin/ld: src.c:(.text+0x4a): undefined reference to `pthread_detach'
/usr/bin/ld: src.c:(.text+0x56): undefined reference to `pthread_cancel'
/usr/bin/ld: src.c:(.text+0x67): undefined reference to `pthread_join'
collect2: error: ld returned 1 exit status
make[1]: *** [CMakeFiles/cmTC_7f436.dir/build.make:99: cmTC_7f436] Error 1
make[1]: Leaving directory '/home/victor/PycharmProjects/ECE-395-SeniorProj/CMakeFiles/CMakeTmp'
make: *** [Makefile:127: cmTC_7f436/fast] Error 2


Source file was:
#include <pthread.h>

static void* test_func(void* data)
{
  return data;
}

int main(void)
{
  pthread_t thread;
  pthread_create(&thread, NULL, test_func, NULL);
  pthread_detach(thread);
  pthread_cancel(thread);
  pthread_join(thread, NULL);
  pthread_atfork(NULL, NULL, NULL);
  pthread_exit(NULL);

  return 0;
}

Determining if the function pthread_create exists in the pthreads failed with the following output:
Change Dir: /home/victor/PycharmProjects/ECE-395-SeniorProj/CMakeFiles/CMakeTmp

Run Build Command(s):/usr/bin/make -f Makefile cmTC_d12a8/fast && /usr/bin/make  -f CMakeFiles/cmTC_d12a8.dir/build.make CMakeFiles/cmTC_d12a8.dir/build
make[1]: Entering directory '/home/victor/PycharmProjects/ECE-395-SeniorProj/CMakeFiles/CMakeTmp'
Building C object CMakeFiles/cmTC_d12a8.dir/CheckFunctionExists.c.o
/usr/bin/cc   -fPIC -DCHECK_FUNCTION_EXISTS=pthread_create -o CMakeFiles/cmTC_d12a8.dir/CheckFunctionExists.c.o -c /usr/share/cmake/Modules/CheckFunctionExists.c
Linking C executable cmTC_d12a8
/usr/bin/cmake -E cmake_link_script CMakeFiles/cmTC_d12a8.dir/link.txt --verbose=1
/usr/bin/cc -fPIC -DCHECK_FUNCTION_EXISTS=pthread_create -rdynamic CMakeFiles/cmTC_d12a8.dir/CheckFunctionExists.c.o -o cmTC_d12a8  -lpthreads 
/usr/bin/ld: cannot find -lpthreads
collect2: error: ld returned 1 exit status
make[1]: *** [CMakeFiles/cmTC_d12a8.dir/build.make:99: cmTC_d12a8] Error 1
make[1]: Leaving directory '/home/victor/PycharmProjects/ECE-395-SeniorProj/CMakeFiles/CMakeTmp'
make: *** [Makefile:127: cmTC_d12a8/fast] Error 2



